<?xml version="1.0" encoding="UTF-8"?>
<testsuite name="com.privalia.business.integration.test.CalculatorParametrizedTest" tests="8" skipped="0" failures="0" errors="0" timestamp="2018-09-21T11:55:55" hostname="PR-BCN-1061" time="0.016">
  <properties/>
  <testcase name="[0] 0, 0, 0 (shouldReturnCorrectSum)" classname="com.privalia.business.integration.test.CalculatorParametrizedTest" time="0.003"/>
  <testcase name="[1] 1, 1, 2 (shouldReturnCorrectSum)" classname="com.privalia.business.integration.test.CalculatorParametrizedTest" time="0.0"/>
  <testcase name="[0] 4, 6, 24 (shouldReturnCorrectMultiply)" classname="com.privalia.business.integration.test.CalculatorParametrizedTest" time="0.0"/>
  <testcase name="[1] 3, 5, 15 (shouldReturnCorrectMultiply)" classname="com.privalia.business.integration.test.CalculatorParametrizedTest" time="0.0"/>
  <testcase name="[0] 4, 2, 2 (shouldReturnCorrectSubstract)" classname="com.privalia.business.integration.test.CalculatorParametrizedTest" time="0.0"/>
  <testcase name="[1] 4, 1, 3 (shouldReturnCorrectSubstract)" classname="com.privalia.business.integration.test.CalculatorParametrizedTest" time="0.0"/>
  <testcase name="[0] 4, 6, 24 (shouldReturnCorrectDivide)" classname="com.privalia.business.integration.test.CalculatorParametrizedTest" time="0.0"/>
  <testcase name="[1] 3, 5, 15 (shouldReturnCorrectDivide)" classname="com.privalia.business.integration.test.CalculatorParametrizedTest" time="0.001"/>
  <system-out><![CDATA[]]></system-out>
  <system-err><![CDATA[]]></system-err>
</testsuite>
